This is pdfTeX, Version 3.14159265-2.6-1.40.16 (TeX Live 2015/Debian) (preloaded format=pdflatex 2017.9.23)  1 DEC 2017 21:41
entering extended mode
 restricted \write18 enabled.
 %&-line parsing enabled.
**Graphlopedia.tex
(./Graphlopedia.tex
LaTeX2e <2016/02/01>
Babel <3.9q> and hyphenation patterns for 81 language(s) loaded.
(/usr/share/texlive/texmf-dist/tex/latex/koma-script/scrartcl.cls
Document Class: scrartcl 2015/10/03 v3.19a KOMA-Script document class (article)

(/usr/share/texlive/texmf-dist/tex/latex/koma-script/scrkbase.sty
Package: scrkbase 2015/10/03 v3.19a KOMA-Script package (KOMA-Script-dependent 
basics and keyval usage)

(/usr/share/texlive/texmf-dist/tex/latex/koma-script/scrbase.sty
Package: scrbase 2015/10/03 v3.19a KOMA-Script package (KOMA-Script-independent
 basics and keyval usage)

(/usr/share/texlive/texmf-dist/tex/latex/graphics/keyval.sty
Package: keyval 2014/10/28 v1.15 key=value parser (DPC)
\KV@toks@=\toks14
)
(/usr/share/texlive/texmf-dist/tex/latex/koma-script/scrlfile.sty
Package: scrlfile 2015/10/03 v3.19a KOMA-Script package (loading files)

Package scrlfile, 2015/10/03 v3.19a KOMA-Script package (loading files)
                  Copyright (C) Markus Kohm

))) (/usr/share/texlive/texmf-dist/tex/latex/koma-script/tocbasic.sty
Package: tocbasic 2015/10/03 v3.19a KOMA-Script package (handling toc-files)
)
Package tocbasic Info: omitting babel extension for `toc'
(tocbasic)             because of feature `nobabel' available
(tocbasic)             for `toc' on input line 123.
Package tocbasic Info: omitting babel extension for `lof'
(tocbasic)             because of feature `nobabel' available
(tocbasic)             for `lof' on input line 124.
Package tocbasic Info: omitting babel extension for `lot'
(tocbasic)             because of feature `nobabel' available
(tocbasic)             for `lot' on input line 125.
Class scrartcl Info: File `scrsize11pt.clo' used instead of
(scrartcl)           file `scrsize11.clo' to setup font sizes on input line 203
3.

(/usr/share/texlive/texmf-dist/tex/latex/koma-script/scrsize11pt.clo
File: scrsize11pt.clo 2015/10/03 v3.19a KOMA-Script font size class option (11p
t)
)
(/usr/share/texlive/texmf-dist/tex/latex/koma-script/typearea.sty
Package: typearea 2015/10/03 v3.19a KOMA-Script package (type area)

Package typearea, 2015/10/03 v3.19a KOMA-Script package (type area)
                  Copyright (C) Frank Neukam, 1992-1994
                  Copyright (C) Markus Kohm, 1994-

\ta@bcor=\skip41
\ta@div=\count79
\ta@hblk=\skip42
\ta@vblk=\skip43
\ta@temp=\skip44
\footheight=\skip45
Package typearea Info: These are the values describing the layout:
(typearea)             DIV  = 10
(typearea)             BCOR = 0.0pt
(typearea)             \paperwidth      = 597.50793pt
(typearea)              \textwidth      = 418.25555pt
(typearea)              DIV departure   = -6%
(typearea)              \evensidemargin = 17.3562pt
(typearea)              \oddsidemargin  = 17.3562pt
(typearea)             \paperheight     = 845.04694pt
(typearea)              \textheight     = 595.80026pt
(typearea)              \topmargin      = -25.16531pt
(typearea)              \headheight     = 17.0pt
(typearea)              \headsep        = 20.40001pt
(typearea)              \topskip        = 11.0pt
(typearea)              \footskip       = 47.6pt
(typearea)              \baselineskip   = 13.6pt
(typearea)              on input line 1509.
)
\c@part=\count80
\c@section=\count81
\c@subsection=\count82
\c@subsubsection=\count83
\c@paragraph=\count84
\c@subparagraph=\count85
LaTeX Info: Redefining \textsubscript on input line 3906.
\abovecaptionskip=\skip46
\belowcaptionskip=\skip47
\c@pti@nb@sid@b@x=\box26
\c@figure=\count86
\c@table=\count87
\bibindent=\dimen102
) (/usr/share/texlive/texmf-dist/tex/latex/graphics/graphicx.sty
Package: graphicx 2014/10/28 v1.0g Enhanced LaTeX Graphics (DPC,SPQR)

(/usr/share/texlive/texmf-dist/tex/latex/graphics/graphics.sty
Package: graphics 2016/01/03 v1.0q Standard LaTeX Graphics (DPC,SPQR)

(/usr/share/texlive/texmf-dist/tex/latex/graphics/trig.sty
Package: trig 2016/01/03 v1.10 sin cos tan (DPC)
)
(/usr/share/texlive/texmf-dist/tex/latex/latexconfig/graphics.cfg
File: graphics.cfg 2010/04/23 v1.9 graphics configuration of TeX Live
)
Package graphics Info: Driver file: pdftex.def on input line 95.

(/usr/share/texlive/texmf-dist/tex/latex/pdftex-def/pdftex.def
File: pdftex.def 2011/05/27 v0.06d Graphics/color for pdfTeX

(/usr/share/texlive/texmf-dist/tex/generic/oberdiek/infwarerr.sty
Package: infwarerr 2010/04/08 v1.3 Providing info/warning/error messages (HO)
)
(/usr/share/texlive/texmf-dist/tex/generic/oberdiek/ltxcmds.sty
Package: ltxcmds 2011/11/09 v1.22 LaTeX kernel commands for general use (HO)
)
\Gread@gobject=\count88
))
\Gin@req@height=\dimen103
\Gin@req@width=\dimen104
)
(/usr/share/texlive/texmf-dist/tex/latex/oberdiek/epstopdf.sty
Package: epstopdf 2010/02/09 v2.5 Conversion with epstopdf on the fly (HO)

(/usr/share/texlive/texmf-dist/tex/latex/oberdiek/epstopdf-base.sty
Package: epstopdf-base 2010/02/09 v2.5 Base part for package epstopdf

(/usr/share/texlive/texmf-dist/tex/latex/oberdiek/grfext.sty
Package: grfext 2010/08/19 v1.1 Manage graphics extensions (HO)

(/usr/share/texlive/texmf-dist/tex/generic/oberdiek/kvdefinekeys.sty
Package: kvdefinekeys 2011/04/07 v1.3 Define keys (HO)
))
(/usr/share/texlive/texmf-dist/tex/latex/oberdiek/kvoptions.sty
Package: kvoptions 2011/06/30 v3.11 Key value format for package options (HO)

(/usr/share/texlive/texmf-dist/tex/generic/oberdiek/kvsetkeys.sty
Package: kvsetkeys 2012/04/25 v1.16 Key value parser (HO)

(/usr/share/texlive/texmf-dist/tex/generic/oberdiek/etexcmds.sty
Package: etexcmds 2011/02/16 v1.5 Avoid name clashes with e-TeX commands (HO)

(/usr/share/texlive/texmf-dist/tex/generic/oberdiek/ifluatex.sty
Package: ifluatex 2010/03/01 v1.3 Provides the ifluatex switch (HO)
Package ifluatex Info: LuaTeX not detected.
)
Package etexcmds Info: Could not find \expanded.
(etexcmds)             That can mean that you are not using pdfTeX 1.50 or
(etexcmds)             that some package has redefined \expanded.
(etexcmds)             In the latter case, load this package earlier.
)))
(/usr/share/texlive/texmf-dist/tex/generic/oberdiek/pdftexcmds.sty
Package: pdftexcmds 2011/11/29 v0.20 Utility functions of pdfTeX for LuaTeX (HO
)

(/usr/share/texlive/texmf-dist/tex/generic/oberdiek/ifpdf.sty
Package: ifpdf 2011/01/30 v2.3 Provides the ifpdf switch (HO)
Package ifpdf Info: pdfTeX in PDF mode is detected.
)
Package pdftexcmds Info: LuaTeX not detected.
Package pdftexcmds Info: \pdf@primitive is available.
Package pdftexcmds Info: \pdf@ifprimitive is available.
Package pdftexcmds Info: \pdfdraftmode found.
)
Package grfext Info: Graphics extension search list:
(grfext)             [.png,.pdf,.jpg,.mps,.jpeg,.jbig2,.jb2,.PNG,.PDF,.JPG,.JPE
G,.JBIG2,.JB2,.eps]
(grfext)             \AppendGraphicsExtensions on input line 452.

(/usr/share/texlive/texmf-dist/tex/latex/latexconfig/epstopdf-sys.cfg
File: epstopdf-sys.cfg 2010/07/13 v1.3 Configuration of (r)epstopdf for TeX Liv
e
)))
(/usr/share/texlive/texmf-dist/tex/latex/url/url.sty
\Urlmuskip=\muskip10
Package: url 2013/09/16  ver 3.4  Verb mode for urls, etc.
)
(/usr/share/texlive/texmf-dist/tex/latex/tools/multicol.sty
Package: multicol 2015/08/19 v1.8n multicolumn formatting (FMi)
\c@tracingmulticols=\count89
\mult@box=\box27
\multicol@leftmargin=\dimen105
\c@unbalance=\count90
\c@collectmore=\count91
\doublecol@number=\count92
\multicoltolerance=\count93
\multicolpretolerance=\count94
\full@width=\dimen106
\page@free=\dimen107
\premulticols=\dimen108
\postmulticols=\dimen109
\multicolsep=\skip48
\multicolbaselineskip=\skip49
\partial@page=\box28
\last@line=\box29
\maxbalancingoverflow=\dimen110
\mult@rightbox=\box30
\mult@grightbox=\box31
\mult@gfirstbox=\box32
\mult@firstbox=\box33
\@tempa=\box34
\@tempa=\box35
\@tempa=\box36
\@tempa=\box37
\@tempa=\box38
\@tempa=\box39
\@tempa=\box40
\@tempa=\box41
\@tempa=\box42
\@tempa=\box43
\@tempa=\box44
\@tempa=\box45
\@tempa=\box46
\@tempa=\box47
\@tempa=\box48
\@tempa=\box49
\@tempa=\box50
\c@columnbadness=\count95
\c@finalcolumnbadness=\count96
\last@try=\dimen111
\multicolovershoot=\dimen112
\multicolundershoot=\dimen113
\mult@nat@firstbox=\box51
\colbreak@box=\box52
\mc@col@check@num=\count97
)
(/usr/share/texlive/texmf-dist/tex/latex/hyperref/hyperref.sty
Package: hyperref 2012/11/06 v6.83m Hypertext links for LaTeX

(/usr/share/texlive/texmf-dist/tex/generic/oberdiek/hobsub-hyperref.sty
Package: hobsub-hyperref 2012/05/28 v1.13 Bundle oberdiek, subset hyperref (HO)


(/usr/share/texlive/texmf-dist/tex/generic/oberdiek/hobsub-generic.sty
Package: hobsub-generic 2012/05/28 v1.13 Bundle oberdiek, subset generic (HO)
Package: hobsub 2012/05/28 v1.13 Construct package bundles (HO)
Package hobsub Info: Skipping package `infwarerr' (already loaded).
Package hobsub Info: Skipping package `ltxcmds' (already loaded).
Package hobsub Info: Skipping package `ifluatex' (already loaded).
Package: ifvtex 2010/03/01 v1.5 Detect VTeX and its facilities (HO)
Package ifvtex Info: VTeX not detected.
Package: intcalc 2007/09/27 v1.1 Expandable calculations with integers (HO)
Package hobsub Info: Skipping package `ifpdf' (already loaded).
Package hobsub Info: Skipping package `etexcmds' (already loaded).
Package hobsub Info: Skipping package `kvsetkeys' (already loaded).
Package hobsub Info: Skipping package `kvdefinekeys' (already loaded).
Package hobsub Info: Skipping package `pdftexcmds' (already loaded).
Package: pdfescape 2011/11/25 v1.13 Implements pdfTeX's escape features (HO)
Package: bigintcalc 2012/04/08 v1.3 Expandable calculations on big integers (HO
)
Package: bitset 2011/01/30 v1.1 Handle bit-vector datatype (HO)
Package: uniquecounter 2011/01/30 v1.2 Provide unlimited unique counter (HO)
)
Package hobsub Info: Skipping package `hobsub' (already loaded).
Package: letltxmacro 2010/09/02 v1.4 Let assignment for LaTeX macros (HO)
Package: hopatch 2012/05/28 v1.2 Wrapper for package hooks (HO)
Package: xcolor-patch 2011/01/30 xcolor patch
Package: atveryend 2011/06/30 v1.8 Hooks at the very end of document (HO)
Package atveryend Info: \enddocument detected (standard20110627).
Package: atbegshi 2011/10/05 v1.16 At begin shipout hook (HO)
Package: refcount 2011/10/16 v3.4 Data extraction from label references (HO)
Package: hycolor 2011/01/30 v1.7 Color options for hyperref/bookmark (HO)
)
(/usr/share/texlive/texmf-dist/tex/generic/ifxetex/ifxetex.sty
Package: ifxetex 2010/09/12 v0.6 Provides ifxetex conditional
)
(/usr/share/texlive/texmf-dist/tex/latex/oberdiek/auxhook.sty
Package: auxhook 2011/03/04 v1.3 Hooks for auxiliary files (HO)
)
\@linkdim=\dimen114
\Hy@linkcounter=\count98
\Hy@pagecounter=\count99

(/usr/share/texlive/texmf-dist/tex/latex/hyperref/pd1enc.def
File: pd1enc.def 2012/11/06 v6.83m Hyperref: PDFDocEncoding definition (HO)
)
\Hy@SavedSpaceFactor=\count100

(/usr/share/texlive/texmf-dist/tex/latex/latexconfig/hyperref.cfg
File: hyperref.cfg 2002/06/06 v1.2 hyperref configuration of TeXLive
)
Package hyperref Info: Hyper figures OFF on input line 4443.
Package hyperref Info: Link nesting OFF on input line 4448.
Package hyperref Info: Hyper index ON on input line 4451.
Package hyperref Info: Plain pages OFF on input line 4458.
Package hyperref Info: Backreferencing OFF on input line 4463.
Package hyperref Info: Implicit mode ON; LaTeX internals redefined.
Package hyperref Info: Bookmarks ON on input line 4688.
\c@Hy@tempcnt=\count101
LaTeX Info: Redefining \url on input line 5041.
\XeTeXLinkMargin=\dimen115
\Fld@menulength=\count102
\Field@Width=\dimen116
\Fld@charsize=\dimen117
Package hyperref Info: Hyper figures OFF on input line 6295.
Package hyperref Info: Link nesting OFF on input line 6300.
Package hyperref Info: Hyper index ON on input line 6303.
Package hyperref Info: backreferencing OFF on input line 6310.
Package hyperref Info: Link coloring OFF on input line 6315.
Package hyperref Info: Link coloring with OCG OFF on input line 6320.
Package hyperref Info: PDF/A mode OFF on input line 6325.
LaTeX Info: Redefining \ref on input line 6365.
LaTeX Info: Redefining \pageref on input line 6369.
\Hy@abspage=\count103
\c@Item=\count104
\c@Hfootnote=\count105
)

Package hyperref Message: Driver (autodetected): hpdftex.

(/usr/share/texlive/texmf-dist/tex/latex/hyperref/hpdftex.def
File: hpdftex.def 2012/11/06 v6.83m Hyperref driver for pdfTeX
\Fld@listcount=\count106
\c@bookmark@seq@number=\count107

(/usr/share/texlive/texmf-dist/tex/latex/oberdiek/rerunfilecheck.sty
Package: rerunfilecheck 2011/04/15 v1.7 Rerun checks for auxiliary files (HO)
Package uniquecounter Info: New unique counter `rerunfilecheck' on input line 2
82.
)
\Hy@SectionHShift=\skip50
)
(/usr/share/texlive/texmf-dist/tex/latex/psnfss/times.sty
Package: times 2005/04/12 PSNFSS-v9.2a (SPQR) 
)
(/usr/share/texlive/texmf-dist/tex/latex/base/fontenc.sty
Package: fontenc 2005/09/27 v1.99g Standard LaTeX package

(/usr/share/texlive/texmf-dist/tex/latex/base/t1enc.def
File: t1enc.def 2005/09/27 v1.99g Standard LaTeX file
LaTeX Font Info:    Redeclaring font encoding T1 on input line 48.
))
(/usr/share/texlive/texmf-dist/tex/latex/amsmath/amsmath.sty
Package: amsmath 2016/03/03 v2.15a AMS math features
\@mathmargin=\skip51

For additional information on amsmath, use the `?' option.
(/usr/share/texlive/texmf-dist/tex/latex/amsmath/amstext.sty
Package: amstext 2000/06/29 v2.01 AMS text

(/usr/share/texlive/texmf-dist/tex/latex/amsmath/amsgen.sty
File: amsgen.sty 1999/11/30 v2.0 generic functions
\@emptytoks=\toks15
\ex@=\dimen118
))
(/usr/share/texlive/texmf-dist/tex/latex/amsmath/amsbsy.sty
Package: amsbsy 1999/11/29 v1.2d Bold Symbols
\pmbraise@=\dimen119
)
(/usr/share/texlive/texmf-dist/tex/latex/amsmath/amsopn.sty
Package: amsopn 1999/12/14 v2.01 operator names
)
\inf@bad=\count108
LaTeX Info: Redefining \frac on input line 199.
\uproot@=\count109
\leftroot@=\count110
LaTeX Info: Redefining \overline on input line 297.
\classnum@=\count111
\DOTSCASE@=\count112
LaTeX Info: Redefining \ldots on input line 394.
LaTeX Info: Redefining \dots on input line 397.
LaTeX Info: Redefining \cdots on input line 518.
\Mathstrutbox@=\box53
\strutbox@=\box54
\big@size=\dimen120
LaTeX Font Info:    Redeclaring font encoding OML on input line 630.
LaTeX Font Info:    Redeclaring font encoding OMS on input line 631.
\macc@depth=\count113
\c@MaxMatrixCols=\count114
\dotsspace@=\muskip11
\c@parentequation=\count115
\dspbrk@lvl=\count116
\tag@help=\toks16
\row@=\count117
\column@=\count118
\maxfields@=\count119
\andhelp@=\toks17
\eqnshift@=\dimen121
\alignsep@=\dimen122
\tagshift@=\dimen123
\tagwidth@=\dimen124
\totwidth@=\dimen125
\lineht@=\dimen126
\@envbody=\toks18
\multlinegap=\skip52
\multlinetaggap=\skip53
\mathdisplay@stack=\toks19
LaTeX Info: Redefining \[ on input line 2735.
LaTeX Info: Redefining \] on input line 2736.
)
(/usr/share/texlive/texmf-dist/tex/latex/amsfonts/amssymb.sty
Package: amssymb 2013/01/14 v3.01 AMS font symbols

(/usr/share/texlive/texmf-dist/tex/latex/amsfonts/amsfonts.sty
Package: amsfonts 2013/01/14 v3.01 Basic AMSFonts support
\symAMSa=\mathgroup4
\symAMSb=\mathgroup5
LaTeX Font Info:    Overwriting math alphabet `\mathfrak' in version `bold'
(Font)                  U/euf/m/n --> U/euf/b/n on input line 106.
))
(/usr/share/texlive/texmf-dist/tex/latex/amscls/amsthm.sty
Package: amsthm 2015/03/04 v2.20.2
\thm@style=\toks20
\thm@bodyfont=\toks21
\thm@headfont=\toks22
\thm@notefont=\toks23
\thm@headpunct=\toks24
\thm@preskip=\skip54
\thm@postskip=\skip55
\thm@headsep=\skip56
\dth@everypar=\toks25
)
(/usr/share/texlive/texmf-dist/tex/latex/setspace/setspace.sty
Package: setspace 2011/12/19 v6.7a set line spacing
)
(/usr/share/texlive/texmf-dist/tex/latex/geometry/geometry.sty
Package: geometry 2010/09/12 v5.6 Page Geometry
\Gm@cnth=\count120
\Gm@cntv=\count121
\c@Gm@tempcnt=\count122
\Gm@bindingoffset=\dimen127
\Gm@wd@mp=\dimen128
\Gm@odd@mp=\dimen129
\Gm@even@mp=\dimen130
\Gm@layoutwidth=\dimen131
\Gm@layoutheight=\dimen132
\Gm@layouthoffset=\dimen133
\Gm@layoutvoffset=\dimen134
\Gm@dimlist=\toks26
)
(./Graphlopedia.aux)
\openout1 = `Graphlopedia.aux'.

LaTeX Font Info:    Checking defaults for OML/cmm/m/it on input line 41.
LaTeX Font Info:    ... okay on input line 41.
LaTeX Font Info:    Checking defaults for T1/cmr/m/n on input line 41.
LaTeX Font Info:    ... okay on input line 41.
LaTeX Font Info:    Checking defaults for OT1/cmr/m/n on input line 41.
LaTeX Font Info:    ... okay on input line 41.
LaTeX Font Info:    Checking defaults for OMS/cmsy/m/n on input line 41.
LaTeX Font Info:    ... okay on input line 41.
LaTeX Font Info:    Checking defaults for OMX/cmex/m/n on input line 41.
LaTeX Font Info:    ... okay on input line 41.
LaTeX Font Info:    Checking defaults for U/cmr/m/n on input line 41.
LaTeX Font Info:    ... okay on input line 41.
LaTeX Font Info:    Checking defaults for PD1/pdf/m/n on input line 41.
LaTeX Font Info:    ... okay on input line 41.
LaTeX Font Info:    Try loading font information for T1+ptm on input line 41.
 (/usr/share/texlive/texmf-dist/tex/latex/psnfss/t1ptm.fd
File: t1ptm.fd 2001/06/04 font definitions for T1/ptm.
)
(/usr/share/texlive/texmf-dist/tex/context/base/supp-pdf.mkii
[Loading MPS to PDF converter (version 2006.09.02).]
\scratchcounter=\count123
\scratchdimen=\dimen135
\scratchbox=\box55
\nofMPsegments=\count124
\nofMParguments=\count125
\everyMPshowfont=\toks27
\MPscratchCnt=\count126
\MPscratchDim=\dimen136
\MPnumerator=\count127
\makeMPintoPDFobject=\count128
\everyMPtoPDFconversion=\toks28
)
\AtBeginShipoutBox=\box56
Package hyperref Info: Link coloring OFF on input line 41.
 (/usr/share/texlive/texmf-dist/tex/latex/hyperref/nameref.sty
Package: nameref 2012/10/27 v2.43 Cross-referencing by name of section

(/usr/share/texlive/texmf-dist/tex/generic/oberdiek/gettitlestring.sty
Package: gettitlestring 2010/12/03 v1.4 Cleanup title references (HO)
)
\c@section@level=\count129
)
LaTeX Info: Redefining \ref on input line 41.
LaTeX Info: Redefining \pageref on input line 41.
LaTeX Info: Redefining \nameref on input line 41.

(./Graphlopedia.out) (./Graphlopedia.out)
\@outlinefile=\write3
\openout3 = `Graphlopedia.out'.


*geometry* driver: auto-detecting
*geometry* detected driver: pdftex
*geometry* verbose mode - [ preamble ] result:
* driver: pdftex
* paper: <default>
* layout: <same size as paper>
* layoutoffset:(h,v)=(0.0pt,0.0pt)
* modes: 
* h-part:(L,W,R)=(72.26999pt, 452.96796pt, 72.26999pt)
* v-part:(T,H,B)=(72.26999pt, 700.50696pt, 72.26999pt)
* \paperwidth=597.50793pt
* \paperheight=845.04694pt
* \textwidth=452.96796pt
* \textheight=700.50696pt
* \oddsidemargin=0.0pt
* \evensidemargin=0.0pt
* \topmargin=-37.40001pt
* \headheight=17.0pt
* \headsep=20.40001pt
* \topskip=11.0pt
* \footskip=47.6pt
* \marginparwidth=59.7508pt
* \marginparsep=12.8401pt
* \columnsep=10.0pt
* \skip\footins=10.0pt plus 4.0pt minus 2.0pt
* \hoffset=0.0pt
* \voffset=0.0pt
* \mag=1000
* \@twocolumnfalse
* \@twosidefalse
* \@mparswitchfalse
* \@reversemarginfalse
* (1in=72.27pt=25.4mm, 1cm=28.453pt)

LaTeX Font Info:    Try loading font information for T1+phv on input line 51.
(/usr/share/texlive/texmf-dist/tex/latex/psnfss/t1phv.fd
File: t1phv.fd 2001/06/04 scalable font definitions for T1/phv.
)
LaTeX Font Info:    Font shape `T1/phv/bx/n' in size <10.95> not available
(Font)              Font shape `T1/phv/b/n' tried instead on input line 51.
LaTeX Font Info:    Font shape `T1/phv/bx/n' in size <20.74> not available
(Font)              Font shape `T1/phv/b/n' tried instead on input line 51.
LaTeX Font Info:    Font shape `T1/phv/bx/n' in size <24.88> not available
(Font)              Font shape `T1/phv/b/n' tried instead on input line 51.
LaTeX Font Info:    Font shape `T1/phv/bx/n' in size <12> not available
(Font)              Font shape `T1/phv/b/n' tried instead on input line 51.
LaTeX Font Info:    Try loading font information for U+msa on input line 51.

(/usr/share/texlive/texmf-dist/tex/latex/amsfonts/umsa.fd
File: umsa.fd 2013/01/14 v3.01 AMS symbols A
)
LaTeX Font Info:    Try loading font information for U+msb on input line 51.

(/usr/share/texlive/texmf-dist/tex/latex/amsfonts/umsb.fd
File: umsb.fd 2013/01/14 v3.01 AMS symbols B
)
(./GraphlopediaSource.tex [1


{/var/lib/texmf/fonts/map/pdftex/updmap/pdftex.map}]
LaTeX Font Info:    Font shape `T1/ptm/bx/n' in size <10.95> not available
(Font)              Font shape `T1/ptm/b/n' tried instead on input line 5.

Underfull \hbox (badness 10000) in paragraph at lines 5--10

 []

<figs/G000001.png, id=12, 320.8788pt x 281.1303pt>
File: figs/G000001.png Graphic file (type png)
 <use figs/G000001.png>
Package pdftex.def Info: figs/G000001.png used on input line 10.
(pdftex.def)             Requested size: 164.97778pt x 144.54135pt.
LaTeX Font Info:    Try loading font information for T1+pcr on input line 21.

(/usr/share/texlive/texmf-dist/tex/latex/psnfss/t1pcr.fd
File: t1pcr.fd 2001/06/04 font definitions for T1/pcr.
)pdfTeX warning (ext4): destination with the same identifier (name{page.}) has 
been already used, duplicate ignored
<to be read again> 
                   \relax 
l.32 \graphname{G000002}
                         [2 <./figs/G000001.png>]
Underfull \hbox (badness 10000) in paragraph at lines 32--37

 []

<figs/G000002.png, id=30, 566.5968pt x 107.6823pt>
File: figs/G000002.png Graphic file (type png)
 <use figs/G000002.png>
Package pdftex.def Info: figs/G000002.png used on input line 37.
(pdftex.def)             Requested size: 289.07294pt x 54.9386pt.
pdfTeX warning (ext4): destination with the same identifier (name{page.}) has b
een already used, duplicate ignored
<to be read again> 
                   \relax 
l.56 \graphname{G000003}
                         [3 <./figs/G000002.png>]
Underfull \hbox (badness 10000) in paragraph at lines 56--61

 []

<figs/G000003.png, id=39, 164.7756pt x 281.1303pt>
File: figs/G000003.png Graphic file (type png)
 <use figs/G000003.png>
Package pdftex.def Info: figs/G000003.png used on input line 61.
(pdftex.def)             Requested size: 84.7183pt x 144.54135pt.
pdfTeX warning (ext4): destination with the same identifier (name{page.}) has b
een already used, duplicate ignored
<to be read again> 
                   \relax 
l.80 \graphname{G000004}
                         [4 <./figs/G000003.png>]
Underfull \hbox (badness 10000) in paragraph at lines 80--85

 []

<figs/G000004.png, id=48, 129.3633pt x 281.1303pt>
File: figs/G000004.png Graphic file (type png)
 <use figs/G000004.png>
Package pdftex.def Info: figs/G000004.png used on input line 85.
(pdftex.def)             Requested size: 66.51129pt x 144.54135pt.
pdfTeX warning (ext4): destination with the same identifier (name{page.}) has b
een already used, duplicate ignored
<to be read again> 
                   \relax 
l.104 \graphname{G000005}
                          [5 <./figs/G000004.png>]
Underfull \hbox (badness 10000) in paragraph at lines 104--109

 []

<figs/G000005.png, id=57, 337.5009pt x 281.1303pt>
File: figs/G000005.png Graphic file (type png)
 <use figs/G000005.png>
Package pdftex.def Info: figs/G000005.png used on input line 109.
(pdftex.def)             Requested size: 173.52394pt x 144.54135pt.
pdfTeX warning (ext4): destination with the same identifier (name{page.}) has b
een already used, duplicate ignored
<to be read again> 
                   \relax 
l.128 \graphname{G000006}
                          [6 <./figs/G000005.png>]
Underfull \hbox (badness 10000) in paragraph at lines 128--133

 []

<figs/G000006.png, id=66, 265.9536pt x 281.1303pt>
File: figs/G000006.png Graphic file (type png)
 <use figs/G000006.png>
Package pdftex.def Info: figs/G000006.png used on input line 133.
(pdftex.def)             Requested size: 136.73834pt x 144.54135pt.
pdfTeX warning (ext4): destination with the same identifier (name{page.}) has b
een already used, duplicate ignored
<to be read again> 
                   \relax 
l.157 \graphname{G000007}
                          [7 <./figs/G000006.png>]
Underfull \hbox (badness 10000) in paragraph at lines 157--162

 []

<figs/G000007.png, id=83, 240.6591pt x 281.1303pt>
File: figs/G000007.png Graphic file (type png)
 <use figs/G000007.png>
Package pdftex.def Info: figs/G000007.png used on input line 162.
(pdftex.def)             Requested size: 123.73334pt x 144.54135pt.
pdfTeX warning (ext4): destination with the same identifier (name{page.}) has b
een already used, duplicate ignored
<to be read again> 
                   \relax 
l.182 \graphname{G000008}
                          [8 <./figs/G000007.png>]
Underfull \hbox (badness 10000) in paragraph at lines 182--187

 []

<figs/G000008.png, id=94, 330.2739pt x 281.1303pt>
File: figs/G000008.png Graphic file (type png)
 <use figs/G000008.png>
Package pdftex.def Info: figs/G000008.png used on input line 187.
(pdftex.def)             Requested size: 169.80821pt x 144.54135pt.
pdfTeX warning (ext4): destination with the same identifier (name{page.}) has b
een already used, duplicate ignored
<to be read again> 
                   \relax 
l.207 \graphname{G000009}
                          [9 <./figs/G000008.png>]
Underfull \hbox (badness 10000) in paragraph at lines 207--212

 []

<figs/G000009.png, id=105, 273.1806pt x 281.1303pt>
File: figs/G000009.png Graphic file (type png)
 <use figs/G000009.png>
Package pdftex.def Info: figs/G000009.png used on input line 212.
(pdftex.def)             Requested size: 140.45406pt x 144.54135pt.

<figs/extra/G000009.png, id=106, 250.9375pt x 250.9375pt>
File: figs/extra/G000009.png Graphic file (type png)

<use figs/extra/G000009.png>
Package pdftex.def Info: figs/extra/G000009.png used on input line 213.
(pdftex.def)             Requested size: 144.5483pt x 144.5483pt.
pdfTeX warning (ext4): destination with the same identifier (name{page.}) has b
een already used, duplicate ignored
<to be read again> 
                   \relax 
l.233 \graphname{G000010}
                          [10 <./figs/G000009.png> <./figs/extra/G000009.png>]
Underfull \hbox (badness 10000) in paragraph at lines 233--238

 []

<figs/G000010.png, id=118, 276.0714pt x 281.1303pt>
File: figs/G000010.png Graphic file (type png)
 <use figs/G000010.png>
Package pdftex.def Info: figs/G000010.png used on input line 238.
(pdftex.def)             Requested size: 141.94034pt x 144.54135pt.
pdfTeX warning (ext4): destination with the same identifier (name{page.}) has b
een already used, duplicate ignored
<to be read again> 
                   \relax 
l.257 \graphname{G000011}
                          [11 <./figs/G000010.png>]
Underfull \hbox (badness 10000) in paragraph at lines 257--262

 []

<figs/G000011.png, id=127, 198.0198pt x 281.1303pt>
File: figs/G000011.png Graphic file (type png)
 <use figs/G000011.png>
Package pdftex.def Info: figs/G000011.png used on input line 262.
(pdftex.def)             Requested size: 101.81061pt x 144.54135pt.
pdfTeX warning (ext4): destination with the same identifier (name{page.}) has b
een already used, duplicate ignored
<to be read again> 
                   \relax 
l.278 \graphname{G000012}
                          [12 <./figs/G000011.png>]
Underfull \hbox (badness 10000) in paragraph at lines 278--283

 []

<figs/G000012.png, id=137, 291.2481pt x 281.1303pt>
File: figs/G000012.png Graphic file (type png)
 <use figs/G000012.png>
Package pdftex.def Info: figs/G000012.png used on input line 283.
(pdftex.def)             Requested size: 149.74335pt x 144.54135pt.
pdfTeX warning (ext4): destination with the same identifier (name{page.}) has b
een already used, duplicate ignored
<to be read again> 
                   \relax 
l.302 \graphname{G000013}
                          [13 <./figs/G000012.png>]
Underfull \hbox (badness 10000) in paragraph at lines 302--307

 []

<figs/G000013.png, id=147, 118.5228pt x 281.1303pt>
File: figs/G000013.png Graphic file (type png)
 <use figs/G000013.png>
Package pdftex.def Info: figs/G000013.png used on input line 307.
(pdftex.def)             Requested size: 60.93773pt x 144.54135pt.
pdfTeX warning (ext4): destination with the same identifier (name{page.}) has b
een already used, duplicate ignored
<to be read again> 
                   \relax 
l.321 \graphname{G000014}
                          [14 <./figs/G000013.png>]
Underfull \hbox (badness 10000) in paragraph at lines 321--326

 []

<figs/G000014.png, id=155, 276.7941pt x 281.1303pt>
File: figs/G000014.png Graphic file (type png)
 <use figs/G000014.png>
Package pdftex.def Info: figs/G000014.png used on input line 326.
(pdftex.def)             Requested size: 142.3119pt x 144.54135pt.

Overfull \hbox (81.23225pt too wide) in paragraph at lines 342--343
[]\T1/ptm/m/n/10.95 "Truncated Icosa-he-dral Graph." Buck-y-ball Graph -- from 
Wol-fram Math-World, $\OML/cmm/m/it/10.95 m:wolframalpha:com=input=\OT1/cmr/m/n
/10.95 ?\OML/cmm/m/it/10.95 i \OT1/cmr/m/n/10.95 =
 []

pdfTeX warning (ext4): destination with the same identifier (name{page.}) has b
een already used, duplicate ignored
<to be read again> 
                   \relax 
l.347 \graphname{G000015}
                          [15 <./figs/G000014.png>]
Underfull \hbox (badness 10000) in paragraph at lines 347--352

 []

<figs/G000015.png, id=167, 125.0271pt x 281.1303pt>
File: figs/G000015.png Graphic file (type png)
 <use figs/G000015.png>
Package pdftex.def Info: figs/G000015.png used on input line 352.
(pdftex.def)             Requested size: 64.28188pt x 144.54135pt.

<figs/extra/G000015.png, id=168, 352.31625pt x 154.5775pt>
File: figs/extra/G000015.png Graphic file (type png)

<use figs/extra/G000015.png>
Package pdftex.def Info: figs/extra/G000015.png used on input line 353.
(pdftex.def)             Requested size: 289.0786pt x 126.83218pt.
pdfTeX warning (ext4): destination with the same identifier (name{page.}) has b
een already used, duplicate ignored
<to be read again> 
                   \relax 
l.367 \graphname{G000016}
                          [16 <./figs/G000015.png> <./figs/extra/G000015.png>]
Underfull \hbox (badness 10000) in paragraph at lines 367--372

 []

<figs/G000016.png, id=176, 281.1303pt x 281.1303pt>
File: figs/G000016.png Graphic file (type png)
 <use figs/G000016.png>
Package pdftex.def Info: figs/G000016.png used on input line 372.
(pdftex.def)             Requested size: 144.54135pt x 144.54135pt.
pdfTeX warning (ext4): destination with the same identifier (name{page.}) has b
een already used, duplicate ignored
<to be read again> 
                   \relax 
l.387 \graphname{G000017}
                          [17 <./figs/G000016.png>]
Underfull \hbox (badness 10000) in paragraph at lines 387--392

 []

<figs/G000017.png, id=186, 303.534pt x 281.1303pt>
File: figs/G000017.png Graphic file (type png)
 <use figs/G000017.png>
Package pdftex.def Info: figs/G000017.png used on input line 392.
(pdftex.def)             Requested size: 156.06006pt x 144.54135pt.

<figs/extra/G000017.png, id=187, 659.46375pt x 157.58875pt>
File: figs/extra/G000017.png Graphic file (type png)

<use figs/extra/G000017.png>
Package pdftex.def Info: figs/extra/G000017.png used on input line 393.
(pdftex.def)             Requested size: 289.08824pt x 69.08195pt.
pdfTeX warning (ext4): destination with the same identifier (name{page.}) has b
een already used, duplicate ignored
<to be read again> 
                   \relax 
l.412 \graphname{G000018}
                          [18 <./figs/G000017.png> <./figs/extra/G000017.png>]
Underfull \hbox (badness 10000) in paragraph at lines 412--417

 []

<figs/G000018.png, id=197, 291.2481pt x 281.1303pt>
File: figs/G000018.png Graphic file (type png)
 <use figs/G000018.png>
Package pdftex.def Info: figs/G000018.png used on input line 417.
(pdftex.def)             Requested size: 149.74335pt x 144.54135pt.
pdfTeX warning (ext4): destination with the same identifier (name{page.}) has b
een already used, duplicate ignored
<to be read again> 
                   \relax 
l.432 \graphname{G000019}
                          [19 <./figs/G000018.png>]
Underfull \hbox (badness 10000) in paragraph at lines 432--437

 []

<figs/G000019.png, id=207, 231.264pt x 281.1303pt>
File: figs/G000019.png Graphic file (type png)
 <use figs/G000019.png>
Package pdftex.def Info: figs/G000019.png used on input line 437.
(pdftex.def)             Requested size: 118.90291pt x 144.54135pt.

Overfull \hbox (117.7674pt too wide) in paragraph at lines 451--452
[]\T1/ptm/m/n/10.95 "Polyhedral Graph." Poly-he-dral Graph -- from Wol-fram Mat
h-World, $\OML/cmm/m/it/10.95 mathworld:wolfram:com=PolyhedralGraph:html$\T1/pt
m/m/n/10.95 ., 
 []

pdfTeX warning (ext4): destination with the same identifier (name{page.}) has b
een already used, duplicate ignored
<to be read again> 
                   \relax 
l.456 \graphname{G000020}
                          [20 <./figs/G000019.png>]
Underfull \hbox (badness 10000) in paragraph at lines 456--461

 []

<figs/G000020.png, id=216, 229.8186pt x 281.1303pt>
File: figs/G000020.png Graphic file (type png)
 <use figs/G000020.png>
Package pdftex.def Info: figs/G000020.png used on input line 461.
(pdftex.def)             Requested size: 118.15976pt x 144.54135pt.

Overfull \hbox (91.07903pt too wide) in paragraph at lines 476--477
[]\T1/ptm/m/n/10.95 "Herschel Graph." Her-schel Graph -- from Wol-fram Math-Wor
ld, $\OML/cmm/m/it/10.95 mathworld:wolfram:com=HerschelGraph:html$\T1/ptm/m/n/1
0.95 ., 
 []

pdfTeX warning (ext4): destination with the same identifier (name{page.}) has b
een already used, duplicate ignored
<to be read again> 
                   \relax 
l.481 \graphname{G000021}
                          [21 <./figs/G000020.png>]
Underfull \hbox (badness 10000) in paragraph at lines 481--486

 []

<figs/G000021.png, id=226, 231.264pt x 281.1303pt>
File: figs/G000021.png Graphic file (type png)
 <use figs/G000021.png>
Package pdftex.def Info: figs/G000021.png used on input line 486.
(pdftex.def)             Requested size: 118.90291pt x 144.54135pt.

Overfull \hbox (33.25291pt too wide) in paragraph at lines 489--490
\T1/ptm/m/n/10.95 Graphs." https://Arxiv.org/Pdf/1610.08855v1.Pdf, ArXiv, 28 Oc
t. 2016, arxiv.org/pdf/1610.08855v1.pdf., 
 []

pdfTeX warning (ext4): destination with the same identifier (name{page.}) has b
een already used, duplicate ignored
<to be read again> 
                   \relax 
l.494 \graphname{G000022}
                          [22 <./figs/G000021.png>]
Underfull \hbox (badness 10000) in paragraph at lines 494--499

 []

<figs/G000022.png, id=232, 266.6763pt x 281.1303pt>
File: figs/G000022.png Graphic file (type png)
 <use figs/G000022.png>
Package pdftex.def Info: figs/G000022.png used on input line 499.
(pdftex.def)             Requested size: 137.10991pt x 144.54135pt.
pdfTeX warning (ext4): destination with the same identifier (name{page.}) has b
een already used, duplicate ignored
<to be read again> 
                   \relax 
l.507 \graphname{G000023}
                          [23 <./figs/G000022.png>]
Underfull \hbox (badness 10000) in paragraph at lines 507--512

 []

<figs/G000023.png, id=238, 282.5757pt x 281.1303pt>
File: figs/G000023.png Graphic file (type png)
 <use figs/G000023.png>
Package pdftex.def Info: figs/G000023.png used on input line 512.
(pdftex.def)             Requested size: 145.28448pt x 144.54135pt.

<figs/extra/G000023.png, id=239, 426.59375pt x 335.2525pt>
File: figs/extra/G000023.png Graphic file (type png)

<use figs/extra/G000023.png>
Package pdftex.def Info: figs/extra/G000023.png used on input line 513.
(pdftex.def)             Requested size: 183.91992pt x 144.53943pt.
pdfTeX warning (ext4): destination with the same identifier (name{page.}) has b
een already used, duplicate ignored
<to be read again> 
                   \relax 
l.521 \graphname{G000024}
                          [24 <./figs/G000023.png> <./figs/extra/G000023.png>]
Underfull \hbox (badness 10000) in paragraph at lines 521--526

 []

<figs/G000024.png, id=247, 265.2309pt x 281.1303pt>
File: figs/G000024.png Graphic file (type png)
 <use figs/G000024.png>
Package pdftex.def Info: figs/G000024.png used on input line 526.
(pdftex.def)             Requested size: 136.36676pt x 144.54135pt.
pdfTeX warning (ext4): destination with the same identifier (name{page.}) has b
een already used, duplicate ignored
<to be read again> 
                   \relax 
l.548 \graphname{G000025}
                          [25 <./figs/G000024.png>]
Underfull \hbox (badness 10000) in paragraph at lines 548--553

 []

<figs/G000025.png, id=261, 263.7855pt x 281.1303pt>
File: figs/G000025.png Graphic file (type png)
 <use figs/G000025.png>
Package pdftex.def Info: figs/G000025.png used on input line 553.
(pdftex.def)             Requested size: 135.62363pt x 144.54135pt.
pdfTeX warning (ext4): destination with the same identifier (name{page.}) has b
een already used, duplicate ignored
<to be read again> 
                   \relax 
l.567 \graphname{G000026}
                          [26 <./figs/G000025.png>]
Underfull \hbox (badness 10000) in paragraph at lines 567--572

 []

<figs/G000026.png, id=268, 267.399pt x 281.1303pt>
File: figs/G000026.png Graphic file (type png)
 <use figs/G000026.png>
Package pdftex.def Info: figs/G000026.png used on input line 572.
(pdftex.def)             Requested size: 137.48149pt x 144.54135pt.
pdfTeX warning (ext4): destination with the same identifier (name{page.}) has b
een already used, duplicate ignored
<to be read again> 
                   \relax 
l.592 \graphname{G000027}
                          [27 <./figs/G000026.png>]
Underfull \hbox (badness 10000) in paragraph at lines 592--597

 []

<figs/G000027.png, id=278, 298.4751pt x 281.1303pt>
File: figs/G000027.png Graphic file (type png)
 <use figs/G000027.png>
Package pdftex.def Info: figs/G000027.png used on input line 597.
(pdftex.def)             Requested size: 153.45906pt x 144.54135pt.

<figs/extra/G000027.png, id=279, 220.825pt x 220.825pt>
File: figs/extra/G000027.png Graphic file (type png)

<use figs/extra/G000027.png>
Package pdftex.def Info: figs/extra/G000027.png used on input line 598.
(pdftex.def)             Requested size: 144.5454pt x 144.5454pt.
pdfTeX warning (ext4): destination with the same identifier (name{page.}) has b
een already used, duplicate ignored
<to be read again> 
                   \relax 
l.619 \graphname{G000028}
                          [28 <./figs/G000027.png> <./figs/extra/G000027.png>]
Underfull \hbox (badness 10000) in paragraph at lines 619--624

 []

<figs/G000028.png, id=292, 298.4751pt x 281.1303pt>
File: figs/G000028.png Graphic file (type png)
 <use figs/G000028.png>
Package pdftex.def Info: figs/G000028.png used on input line 624.
(pdftex.def)             Requested size: 153.45906pt x 144.54135pt.
pdfTeX warning (ext4): destination with the same identifier (name{page.}) has b
een already used, duplicate ignored
<to be read again> 
                   \relax 
l.637 \graphname{G000029}
                          [29 <./figs/G000028.png>]
Underfull \hbox (badness 10000) in paragraph at lines 637--642

 []

<figs/G000029.png, id=300, 502.2765pt x 281.1303pt>
File: figs/G000029.png Graphic file (type png)
 <use figs/G000029.png>
Package pdftex.def Info: figs/G000029.png used on input line 642.
(pdftex.def)             Requested size: 258.24226pt x 144.54135pt.

<figs/extra/G000029.png, id=301, 414.54875pt x 322.20375pt>
File: figs/extra/G000029.png Graphic file (type png)

<use figs/extra/G000029.png>
Package pdftex.def Info: figs/extra/G000029.png used on input line 643.
(pdftex.def)             Requested size: 185.96959pt x 144.54294pt.
pdfTeX warning (ext4): destination with the same identifier (name{page.}) has b
een already used, duplicate ignored
<to be read again> 
                   \relax 
l.656 \graphname{G000030}
                          [30 <./figs/G000029.png> <./figs/extra/G000029.png>]
Underfull \hbox (badness 10000) in paragraph at lines 656--661

 []

<figs/G000030.png, id=310, 268.8444pt x 281.1303pt>
File: figs/G000030.png Graphic file (type png)
 <use figs/G000030.png>
Package pdftex.def Info: figs/G000030.png used on input line 661.
(pdftex.def)             Requested size: 138.22464pt x 144.54135pt.
pdfTeX warning (ext4): destination with the same identifier (name{page.}) has b
een already used, duplicate ignored
<to be read again> 
                   \relax 
l.675 \graphname{G000031}
                          [31 <./figs/G000030.png>]
Underfull \hbox (badness 10000) in paragraph at lines 675--680

 []

<figs/G000031.png, id=318, 263.0628pt x 281.1303pt>
File: figs/G000031.png Graphic file (type png)
 <use figs/G000031.png>
Package pdftex.def Info: figs/G000031.png used on input line 680.
(pdftex.def)             Requested size: 135.25206pt x 144.54135pt.
pdfTeX warning (ext4): destination with the same identifier (name{page.}) has b
een already used, duplicate ignored
<to be read again> 
                   \relax 
l.701 \graphname{G000032}
                          [32 <./figs/G000031.png>]
Underfull \hbox (badness 10000) in paragraph at lines 701--706

 []

<figs/G000032.png, id=330, 277.5168pt x 281.1303pt>
File: figs/G000032.png Graphic file (type png)
 <use figs/G000032.png>
Package pdftex.def Info: figs/G000032.png used on input line 706.
(pdftex.def)             Requested size: 142.68349pt x 144.54135pt.
pdfTeX warning (ext4): destination with the same identifier (name{page.}) has b
een already used, duplicate ignored
<to be read again> 
                   \relax 
l.726 \graphname{G000033}
                          [33 <./figs/G000032.png>]
Underfull \hbox (badness 10000) in paragraph at lines 726--731

 []

<figs/G000033.png, id=340, 286.1892pt x 281.1303pt>
File: figs/G000033.png Graphic file (type png)
 <use figs/G000033.png>
Package pdftex.def Info: figs/G000033.png used on input line 731.
(pdftex.def)             Requested size: 147.14233pt x 144.54135pt.
pdfTeX warning (ext4): destination with the same identifier (name{page.}) has b
een already used, duplicate ignored
<to be read again> 
                   \relax 
l.744 \graphname{G000034}
                          [34 <./figs/G000033.png>]pdfTeX warning (ext4): desti
nation with the same identifier (name{page.}) has been already used, duplicate 
ignored
<to be read again> 
                   \relax 
l.756 \graphname{G000035}
                          [35]
Underfull \hbox (badness 10000) in paragraph at lines 756--761

 []

<figs/G000035.png, id=353, 244.9953pt x 281.1303pt>
File: figs/G000035.png Graphic file (type png)
 <use figs/G000035.png>
Package pdftex.def Info: figs/G000035.png used on input line 761.
(pdftex.def)             Requested size: 125.96277pt x 144.54135pt.
pdfTeX warning (ext4): destination with the same identifier (name{page.}) has b
een already used, duplicate ignored
<to be read again> 
                   \relax 
l.776 \graphname{G000036}
                          [36 <./figs/G000035.png>]
Underfull \hbox (badness 10000) in paragraph at lines 776--781

 []

<figs/G000036.png, id=361, 233.4321pt x 281.1303pt>
File: figs/G000036.png Graphic file (type png)
 <use figs/G000036.png>
Package pdftex.def Info: figs/G000036.png used on input line 781.
(pdftex.def)             Requested size: 120.01762pt x 144.54135pt.
pdfTeX warning (ext4): destination with the same identifier (name{page.}) has b
een already used, duplicate ignored
<to be read again> 
                   \relax 
l.794 \graphname{G000037}
                          [37 <./figs/G000036.png>]
Underfull \hbox (badness 10000) in paragraph at lines 794--799

 []

<figs/G000037.png, id=370, 339.669pt x 281.1303pt>
File: figs/G000037.png Graphic file (type png)
 <use figs/G000037.png>
Package pdftex.def Info: figs/G000037.png used on input line 799.
(pdftex.def)             Requested size: 174.63864pt x 144.54135pt.

<figs/extra/G000037.png, id=371, 438.63875pt x 449.68pt>
File: figs/extra/G000037.png Graphic file (type png)

<use figs/extra/G000037.png>
Package pdftex.def Info: figs/extra/G000037.png used on input line 800.
(pdftex.def)             Requested size: 140.98972pt x 144.53865pt.
pdfTeX warning (ext4): destination with the same identifier (name{page.}) has b
een already used, duplicate ignored
<to be read again> 
                   \relax 
l.820 \graphname{G000038}
                          [38 <./figs/G000037.png> <./figs/extra/G000037.png>]
Underfull \hbox (badness 10000) in paragraph at lines 820--825

 []

<figs/G000038.png, id=382, 320.1561pt x 281.1303pt>
File: figs/G000038.png Graphic file (type png)
 <use figs/G000038.png>
Package pdftex.def Info: figs/G000038.png used on input line 825.
(pdftex.def)             Requested size: 164.6062pt x 144.54135pt.
pdfTeX warning (ext4): destination with the same identifier (name{page.}) has b
een already used, duplicate ignored
<to be read again> 
                   \relax 
l.838 \graphname{G000039}
                          [39 <./figs/G000038.png>]
Underfull \hbox (badness 10000) in paragraph at lines 838--843

 []

<figs/G000039.png, id=390, 189.3474pt x 281.1303pt>
File: figs/G000039.png Graphic file (type png)
 <use figs/G000039.png>
Package pdftex.def Info: figs/G000039.png used on input line 843.
(pdftex.def)             Requested size: 97.35175pt x 144.54135pt.
pdfTeX warning (ext4): destination with the same identifier (name{page.}) has b
een already used, duplicate ignored
<to be read again> 
                   \relax 
l.856 \graphname{G000040}
                          [40 <./figs/G000039.png>]
Underfull \hbox (badness 10000) in paragraph at lines 856--861

 []

<figs/G000040.png, id=398, 251.4996pt x 281.1303pt>
File: figs/G000040.png Graphic file (type png)
 <use figs/G000040.png>
Package pdftex.def Info: figs/G000040.png used on input line 861.
(pdftex.def)             Requested size: 129.30692pt x 144.54135pt.
pdfTeX warning (ext4): destination with the same identifier (name{page.}) has b
een already used, duplicate ignored
<to be read again> 
                   \relax 
l.874 \graphname{G000041}
                          [41 <./figs/G000040.png>]
Underfull \hbox (badness 10000) in paragraph at lines 874--879

 []

<figs/G000041.png, id=406, 286.1892pt x 281.1303pt>
File: figs/G000041.png Graphic file (type png)
 <use figs/G000041.png>
Package pdftex.def Info: figs/G000041.png used on input line 879.
(pdftex.def)             Requested size: 147.14233pt x 144.54135pt.
pdfTeX warning (ext4): destination with the same identifier (name{page.}) has b
een already used, duplicate ignored
<to be read again> 
                   \relax 
l.892 \graphname{G000042}
                          [42 <./figs/G000041.png>]
Underfull \hbox (badness 10000) in paragraph at lines 892--897

 []

<figs/G000042.png, id=414, 243.5499pt x 281.1303pt>
File: figs/G000042.png Graphic file (type png)
 <use figs/G000042.png>
Package pdftex.def Info: figs/G000042.png used on input line 897.
(pdftex.def)             Requested size: 125.21962pt x 144.54135pt.
pdfTeX warning (ext4): destination with the same identifier (name{page.}) has b
een already used, duplicate ignored
<to be read again> 
                   \relax 
l.910 \graphname{G000043}
                          [43 <./figs/G000042.png>]
Underfull \hbox (badness 10000) in paragraph at lines 910--915

 []

<figs/G000043.png, id=423, 281.1303pt x 281.1303pt>
File: figs/G000043.png Graphic file (type png)
 <use figs/G000043.png>
Package pdftex.def Info: figs/G000043.png used on input line 915.
(pdftex.def)             Requested size: 144.54135pt x 144.54135pt.
pdfTeX warning (ext4): destination with the same identifier (name{page.}) has b
een already used, duplicate ignored
<to be read again> 
                   \relax 
l.928 \graphname{G000044}
                          [44 <./figs/G000043.png>]
Underfull \hbox (badness 10000) in paragraph at lines 928--933

 []

<figs/G000044.png, id=431, 307.1475pt x 281.1303pt>
File: figs/G000044.png Graphic file (type png)
 <use figs/G000044.png>
Package pdftex.def Info: figs/G000044.png used on input line 933.
(pdftex.def)             Requested size: 157.91792pt x 144.54135pt.

<figs/extra/G000044.png, id=432, 305.14pt x 151.56625pt>
File: figs/extra/G000044.png Graphic file (type png)

<use figs/extra/G000044.png>
Package pdftex.def Info: figs/extra/G000044.png used on input line 934.
(pdftex.def)             Requested size: 289.08981pt x 143.59395pt.
pdfTeX warning (ext4): destination with the same identifier (name{page.}) has b
een already used, duplicate ignored
<to be read again> 
                   \relax 
l.947 \graphname{G000045}
                          [45 <./figs/G000044.png> <./figs/extra/G000044.png>]
Underfull \hbox (badness 10000) in paragraph at lines 947--952

 []

<figs/G000045.png, id=441, 290.5254pt x 281.1303pt>
File: figs/G000045.png Graphic file (type png)
 <use figs/G000045.png>
Package pdftex.def Info: figs/G000045.png used on input line 952.
(pdftex.def)             Requested size: 149.37178pt x 144.54135pt.

<figs/extra/G000045.png, id=442, 655.44875pt x 602.25pt>
File: figs/extra/G000045.png Graphic file (type png)

<use figs/extra/G000045.png>
Package pdftex.def Info: figs/extra/G000045.png used on input line 953.
(pdftex.def)             Requested size: 157.31091pt x 144.54294pt.

Overfull \hbox (4.69408pt too wide) in paragraph at lines 962--963
[][]$\T1/pcr/m/n/10.95 https : / / commons . wikimedia . org / wiki / File : Fa
no _ plane-[]Levi _ graph . svg$[]\T1/ptm/m/n/10.95 , 
 []

pdfTeX warning (ext4): destination with the same identifier (name{page.}) has b
een already used, duplicate ignored
<to be read again> 
                   \relax 
l.974 \graphname{G000046}
                          [46 <./figs/G000045.png> <./figs/extra/G000045.png>]
Underfull \hbox (badness 10000) in paragraph at lines 974--979

 []

<figs/G000046.png, id=456, 286.1892pt x 281.1303pt>
File: figs/G000046.png Graphic file (type png)
 <use figs/G000046.png>
Package pdftex.def Info: figs/G000046.png used on input line 979.
(pdftex.def)             Requested size: 147.14233pt x 144.54135pt.
pdfTeX warning (ext4): destination with the same identifier (name{page.}) has b
een already used, duplicate ignored
<to be read again> 
                   \relax 
l.993 \graphname{G000047}
                          [47 <./figs/G000046.png>]
Underfull \hbox (badness 10000) in paragraph at lines 993--998

 []

<figs/G000047.png, id=464, 330.9966pt x 281.1303pt>
File: figs/G000047.png Graphic file (type png)
 <use figs/G000047.png>
Package pdftex.def Info: figs/G000047.png used on input line 998.
(pdftex.def)             Requested size: 170.17978pt x 144.54135pt.
pdfTeX warning (ext4): destination with the same identifier (name{page.}) has b
een already used, duplicate ignored
<to be read again> 
                   \relax 
l.1013 \graphname{G000048}
                           [48 <./figs/G000047.png>]
Underfull \hbox (badness 10000) in paragraph at lines 1013--1018

 []

<figs/G000048.png, id=474, 291.2481pt x 281.1303pt>
File: figs/G000048.png Graphic file (type png)
 <use figs/G000048.png>
Package pdftex.def Info: figs/G000048.png used on input line 1018.
(pdftex.def)             Requested size: 149.74335pt x 144.54135pt.
pdfTeX warning (ext4): destination with the same identifier (name{page.}) has b
een already used, duplicate ignored
<to be read again> 
                   \relax 
l.1032 \graphname{G000049}
                           [49 <./figs/G000048.png>]
Underfull \hbox (badness 10000) in paragraph at lines 1032--1037

 []

<figs/G000049.png, id=483, 278.2395pt x 281.1303pt>
File: figs/G000049.png Graphic file (type png)
 <use figs/G000049.png>
Package pdftex.def Info: figs/G000049.png used on input line 1037.
(pdftex.def)             Requested size: 143.05505pt x 144.54135pt.
pdfTeX warning (ext4): destination with the same identifier (name{page.}) has b
een already used, duplicate ignored
<to be read again> 
                   \relax 
l.1051 \graphname{G000050}
                           [50 <./figs/G000049.png>]
Underfull \hbox (badness 10000) in paragraph at lines 1051--1056

 []

<figs/G000050.png, id=492, 307.1475pt x 281.1303pt>
File: figs/G000050.png Graphic file (type png)
 <use figs/G000050.png>
Package pdftex.def Info: figs/G000050.png used on input line 1056.
(pdftex.def)             Requested size: 157.91792pt x 144.54135pt.
pdfTeX warning (ext4): destination with the same identifier (name{page.}) has b
een already used, duplicate ignored
<to be read again> 
                   \relax 
l.1070 \graphname{G000051}
                           [51 <./figs/G000050.png>]
Underfull \hbox (badness 10000) in paragraph at lines 1070--1075

 []

<figs/G000051.png, id=500, 298.4751pt x 281.1303pt>
File: figs/G000051.png Graphic file (type png)
 <use figs/G000051.png>
Package pdftex.def Info: figs/G000051.png used on input line 1075.
(pdftex.def)             Requested size: 153.45906pt x 144.54135pt.
pdfTeX warning (ext4): destination with the same identifier (name{page.}) has b
een already used, duplicate ignored
<to be read again> 
                   \relax 
l.1094 \graphname{G000052}
                           [52 <./figs/G000051.png>]
Underfull \hbox (badness 10000) in paragraph at lines 1094--1099

 []

<figs/G000052.png, id=509, 290.5254pt x 281.1303pt>
File: figs/G000052.png Graphic file (type png)
 <use figs/G000052.png>
Package pdftex.def Info: figs/G000052.png used on input line 1099.
(pdftex.def)             Requested size: 149.37178pt x 144.54135pt.
pdfTeX warning (ext4): destination with the same identifier (name{page.}) has b
een already used, duplicate ignored
<to be read again> 
                   \relax 
l.1113 \graphname{G000053}
                           [53 <./figs/G000052.png>]
Underfull \hbox (badness 10000) in paragraph at lines 1113--1118

 []

<figs/G000053.png, id=517, 251.4996pt x 281.1303pt>
File: figs/G000053.png Graphic file (type png)
 <use figs/G000053.png>
Package pdftex.def Info: figs/G000053.png used on input line 1118.
(pdftex.def)             Requested size: 129.30692pt x 144.54135pt.
pdfTeX warning (ext4): destination with the same identifier (name{page.}) has b
een already used, duplicate ignored
<to be read again> 
                   \relax 
l.1132 \graphname{G000054}
                           [54 <./figs/G000053.png>]
Underfull \hbox (badness 10000) in paragraph at lines 1132--1137

 []

<figs/G000054.png, id=525, 377.2494pt x 281.1303pt>
File: figs/G000054.png Graphic file (type png)
 <use figs/G000054.png>
Package pdftex.def Info: figs/G000054.png used on input line 1137.
(pdftex.def)             Requested size: 193.96037pt x 144.54135pt.
pdfTeX warning (ext4): destination with the same identifier (name{page.}) has b
een already used, duplicate ignored
<to be read again> 
                   \relax 
l.1151 \graphname{G000055}
                           [55 <./figs/G000054.png>]
Underfull \hbox (badness 10000) in paragraph at lines 1151--1156

 []

<figs/G000055.png, id=534, 283.2984pt x 281.1303pt>
File: figs/G000055.png Graphic file (type png)
 <use figs/G000055.png>
Package pdftex.def Info: figs/G000055.png used on input line 1156.
(pdftex.def)             Requested size: 145.65605pt x 144.54135pt.
pdfTeX warning (ext4): destination with the same identifier (name{page.}) has b
een already used, duplicate ignored
<to be read again> 
                   \relax 
l.1170 \graphname{G000056}
                           [56 <./figs/G000055.png>]
Underfull \hbox (badness 10000) in paragraph at lines 1170--1175

 []

<figs/G000056.png, id=541, 335.3328pt x 281.1303pt>
File: figs/G000056.png Graphic file (type png)
 <use figs/G000056.png>
Package pdftex.def Info: figs/G000056.png used on input line 1175.
(pdftex.def)             Requested size: 172.40921pt x 144.54135pt.
pdfTeX warning (ext4): destination with the same identifier (name{page.}) has b
een already used, duplicate ignored
<to be read again> 
                   \relax 
l.1189 \graphname{G000057}
                           [57 <./figs/G000056.png>]
Underfull \hbox (badness 10000) in paragraph at lines 1189--1194

 []

<figs/G000057.png, id=548, 244.2726pt x 281.1303pt>
File: figs/G000057.png Graphic file (type png)
 <use figs/G000057.png>
Package pdftex.def Info: figs/G000057.png used on input line 1194.
(pdftex.def)             Requested size: 125.5912pt x 144.54135pt.
pdfTeX warning (ext4): destination with the same identifier (name{page.}) has b
een already used, duplicate ignored
<to be read again> 
                   \relax 
l.1213 \graphname{G000058}
                           [58 <./figs/G000057.png>]
Underfull \hbox (badness 10000) in paragraph at lines 1213--1218

 []

<figs/G000058.png, id=557, 253.6677pt x 281.1303pt>
File: figs/G000058.png Graphic file (type png)
 <use figs/G000058.png>
Package pdftex.def Info: figs/G000058.png used on input line 1218.
(pdftex.def)             Requested size: 130.42162pt x 144.54135pt.
pdfTeX warning (ext4): destination with the same identifier (name{page.}) has b
een already used, duplicate ignored
<to be read again> 
                   \relax 
l.1237 \graphname{G000059}
                           [59 <./figs/G000058.png>]
Underfull \hbox (badness 10000) in paragraph at lines 1237--1242

 []

<figs/G000059.png, id=566, 290.5254pt x 281.1303pt>
File: figs/G000059.png Graphic file (type png)
 <use figs/G000059.png>
Package pdftex.def Info: figs/G000059.png used on input line 1242.
(pdftex.def)             Requested size: 149.37178pt x 144.54135pt.

<figs/extra/G000059.png, id=567, 797.98125pt x 382.42876pt>
File: figs/extra/G000059.png Graphic file (type png)

<use figs/extra/G000059.png>
Package pdftex.def Info: figs/extra/G000059.png used on input line 1243.
(pdftex.def)             Requested size: 289.0751pt x 138.53787pt.
pdfTeX warning (ext4): destination with the same identifier (name{page.}) has b
een already used, duplicate ignored
<to be read again> 
                   \relax 
l.1256 \graphname{G000060}
                           [60 <./figs/G000059.png> <./figs/extra/G000059.png>]

Underfull \hbox (badness 10000) in paragraph at lines 1256--1261

 []

<figs/G000060.png, id=576, 275.3487pt x 281.1303pt>
File: figs/G000060.png Graphic file (type png)
 <use figs/G000060.png>
Package pdftex.def Info: figs/G000060.png used on input line 1261.
(pdftex.def)             Requested size: 141.56877pt x 144.54135pt.

<figs/extra/G000060.png, id=577, 382.42876pt x 391.4625pt>
File: figs/extra/G000060.png Graphic file (type png)

<use figs/extra/G000060.png>
Package pdftex.def Info: figs/extra/G000060.png used on input line 1262.
(pdftex.def)             Requested size: 141.20465pt x 144.54019pt.
pdfTeX warning (ext4): destination with the same identifier (name{page.}) has b
een already used, duplicate ignored
<to be read again> 
                   \relax 
l.1275 \graphname{G000061}
                           [61 <./figs/G000060.png> <./figs/extra/G000060.png>]

Underfull \hbox (badness 10000) in paragraph at lines 1275--1280

 []

<figs/G000061.png, id=587, 301.3659pt x 281.1303pt>
File: figs/G000061.png Graphic file (type png)
 <use figs/G000061.png>
Package pdftex.def Info: figs/G000061.png used on input line 1280.
(pdftex.def)             Requested size: 154.94536pt x 144.54135pt.

<figs/extra/G000061.png, id=588, 392.46625pt x 409.53pt>
File: figs/extra/G000061.png Graphic file (type png)

<use figs/extra/G000061.png>
Package pdftex.def Info: figs/extra/G000061.png used on input line 1281.
(pdftex.def)             Requested size: 138.52103pt x 144.54369pt.
pdfTeX warning (ext4): destination with the same identifier (name{page.}) has b
een already used, duplicate ignored
<to be read again> 
                   \relax 
l.1294 \graphname{G000062}
                           [62 <./figs/G000061.png> <./figs/extra/G000061.png>]

Underfull \hbox (badness 10000) in paragraph at lines 1294--1299

 []

<figs/G000062.png, id=597, 276.0714pt x 281.1303pt>
File: figs/G000062.png Graphic file (type png)
 <use figs/G000062.png>
Package pdftex.def Info: figs/G000062.png used on input line 1299.
(pdftex.def)             Requested size: 141.94034pt x 144.54135pt.

<figs/extra/G000062.png, id=598, 432.61626pt x 315.1775pt>
File: figs/extra/G000062.png Graphic file (type png)

<use figs/extra/G000062.png>
Package pdftex.def Info: figs/extra/G000062.png used on input line 1300.
(pdftex.def)             Requested size: 198.39857pt x 144.54095pt.
pdfTeX warning (ext4): destination with the same identifier (name{page.}) has b
een already used, duplicate ignored
<to be read again> 
                   \relax 
l.1319 \graphname{G000063}
                           [63 <./figs/G000062.png> <./figs/extra/G000062.png>]

Underfull \hbox (badness 10000) in paragraph at lines 1319--1324

 []

<figs/G000063.png, id=608, 267.399pt x 281.1303pt>
File: figs/G000063.png Graphic file (type png)
 <use figs/G000063.png>
Package pdftex.def Info: figs/G000063.png used on input line 1324.
(pdftex.def)             Requested size: 137.48149pt x 144.54135pt.

<figs/extra/G000063.png, id=609, 865.2325pt x 652.4375pt>
File: figs/extra/G000063.png Graphic file (type png)

<use figs/extra/G000063.png>
Package pdftex.def Info: figs/extra/G000063.png used on input line 1325.
(pdftex.def)             Requested size: 191.68518pt x 144.54218pt.
pdfTeX warning (ext4): destination with the same identifier (name{page.}) has b
een already used, duplicate ignored
<to be read again> 
                   \relax 
l.1338 \graphname{G000064}
                           [64 <./figs/G000063.png> <./figs/extra/G000063.png>]

Underfull \hbox (badness 10000) in paragraph at lines 1338--1343

 []

<figs/G000064.png, id=618, 273.1806pt x 281.1303pt>
File: figs/G000064.png Graphic file (type png)
 <use figs/G000064.png>
Package pdftex.def Info: figs/G000064.png used on input line 1343.
(pdftex.def)             Requested size: 140.45406pt x 144.54135pt.
)
Package atveryend Info: Empty hook `BeforeClearDocument' on input line 62.
pdfTeX warning (ext4): destination with the same identifier (name{page.}) has b
een already used, duplicate ignored
<to be read again> 
                   \relax 
l.62 \end{document}
                    [65 <./figs/G000064.png>]
Package atveryend Info: Empty hook `AfterLastShipout' on input line 62.
 (./Graphlopedia.aux)
Package atveryend Info: Executing hook `AtVeryEndDocument' on input line 62.
Package atveryend Info: Executing hook `AtEndAfterFileList' on input line 62.
Package rerunfilecheck Info: File `Graphlopedia.out' has not changed.
(rerunfilecheck)             Checksum: D41D8CD98F00B204E9800998ECF8427E;0.
Package atveryend Info: Empty hook `AtVeryVeryEnd' on input line 62.
 ) 
Here is how much of TeX's memory you used:
 9118 strings out of 493029
 137950 string characters out of 6136234
 278589 words of memory out of 5000000
 12273 multiletter control sequences out of 15000+600000
 33834 words of font info for 61 fonts, out of 8000000 for 9000
 1141 hyphenation exceptions out of 8191
 54i,6n,46p,949b,322s stack positions out of 5000i,500n,10000p,200000b,80000s
{/usr/share/texlive/texmf-dist/fonts/enc/dvips/base/8r.enc}</usr/share/texliv
e/texmf-dist/fonts/type1/public/amsfonts/cm/cmmi10.pfb></usr/share/texlive/texm
f-dist/fonts/type1/public/amsfonts/cm/cmmi8.pfb></usr/share/texlive/texmf-dist/
fonts/type1/public/amsfonts/cm/cmr10.pfb></usr/share/texlive/texmf-dist/fonts/t
ype1/public/amsfonts/cm/cmr8.pfb></usr/share/texlive/texmf-dist/fonts/type1/pub
lic/amsfonts/cm/cmsy10.pfb></usr/share/texlive/texmf-dist/fonts/type1/urw/couri
er/ucrr8a.pfb></usr/share/texlive/texmf-dist/fonts/type1/urw/helvetic/uhvb8a.pf
b></usr/share/texlive/texmf-dist/fonts/type1/urw/times/utmb8a.pfb></usr/share/t
exlive/texmf-dist/fonts/type1/urw/times/utmr8a.pfb></usr/share/texlive/texmf-di
st/fonts/type1/urw/times/utmri8a.pfb>
Output written on Graphlopedia.pdf (65 pages, 2416225 bytes).
PDF statistics:
 702 PDF objects out of 1000 (max. 8388607)
 466 compressed objects within 5 object streams
 184 named destinations out of 1000 (max. 500000)
 386 words of extra memory for PDF output out of 10000 (max. 10000000)

